22:13:11.991  1533 DEBUG fr.sparna.rdf.xls2rdf.app.Convert - Will use output format : text/turtle
22:13:11.994  1536 DEBUG fr.sparna.rdf.xls2rdf.app.Convert - Will use ModelWriter : fr.sparna.rdf.xls2rdf.OutputStreamModelWriter
22:13:12.709  2251 DEBUG f.s.rdf.xls2rdf.Xls2RdfConverter - Processing sheet: Sheet1
22:13:12.713  2255 INFO  f.sparna.rdf.xls2rdf.RdfizableSheet - Found proper property in header : https://www.ieawindtask43.org/ontoforge/life-cycle-phase-process-taxonomy/
22:13:12.713  2255 INFO  f.sparna.rdf.xls2rdf.RdfizableSheet - Found proper property in header : http://purl.org/dc/terms/
22:13:12.714  2256 INFO  f.sparna.rdf.xls2rdf.RdfizableSheet - Found proper property in header : http://www.w3.org/2002/07/owl#
22:13:12.714  2256 INFO  f.sparna.rdf.xls2rdf.RdfizableSheet - Found proper property in header : http://data.europa.eu/ux2/nace2/nace2
22:13:12.716  2258 INFO  f.sparna.rdf.xls2rdf.RdfizableSheet - Found proper property in header : http://creativecommons.org/licenses/by/4.0/
22:13:12.717  2259 INFO  f.sparna.rdf.xls2rdf.RdfizableSheet - Found proper property in header : http://www.w3.org/2004/02/skos/core#prefLabel
22:13:12.717  2259 INFO  f.sparna.rdf.xls2rdf.RdfizableSheet - Found proper property in header : http://www.w3.org/2004/02/skos/core#definition
22:13:12.718  2260 INFO  f.sparna.rdf.xls2rdf.RdfizableSheet - Found proper property in header : http://www.w3.org/2004/02/skos/core#altLabel
22:13:12.718  2260 INFO  f.sparna.rdf.xls2rdf.RdfizableSheet - Found proper property in header : http://www.w3.org/2004/02/skos/core#broader
22:13:12.718  2260 INFO  f.sparna.rdf.xls2rdf.RdfizableSheet - Found proper property in header : http://www.w3.org/2004/02/skos/core#exactMatch
22:13:12.718  2260 INFO  f.sparna.rdf.xls2rdf.RdfizableSheet - Found proper property in header : http://www.w3.org/2004/02/skos/core#closeMatch
22:13:12.718  2260 INFO  f.sparna.rdf.xls2rdf.RdfizableSheet - Found proper property in header : http://www.w3.org/2004/02/skos/core#related
22:13:12.718  2260 INFO  f.sparna.rdf.xls2rdf.RdfizableSheet - Found proper property in header : http://purl.org/dc/terms/creator
22:13:12.719  2261 INFO  f.sparna.rdf.xls2rdf.RdfizableSheet - Found proper property in header : http://purl.org/dc/terms/contributor
22:13:12.719  2261 INFO  f.sparna.rdf.xls2rdf.RdfizableSheet - Found at least 2 headers with proper property declaration in the first 10 columns, title row is at index 14
22:13:12.719  2261 DEBUG f.s.rdf.xls2rdf.Xls2RdfConverter - Found title row at index 14
22:13:12.733  2275 DEBUG f.s.rdf.xls2rdf.Xls2RdfConverter - Adding value on header object "WINDPROFILE" with lang en
22:13:12.735  2277 DEBUG f.s.rdf.xls2rdf.Xls2RdfConverter - Adding value on header object "Life Cycle Phase and Process Taxonomy" with lang en
22:13:12.735  2277 DEBUG f.s.rdf.xls2rdf.Xls2RdfConverter - Adding value on header object "A simple SKOS Taxonomy of life-cycle stages" with lang en
22:13:12.735  2277 DEBUG f.s.rdf.xls2rdf.Xls2RdfConverter - Adding value on header object "IEA Wind Task 43" with lang en
22:13:12.735  2277 DEBUG f.s.rdf.xls2rdf.Xls2RdfConverter - Adding value on header object "http://creativecommons.org/licenses/by/4.0/" with lang en
22:13:12.736  2278 DEBUG f.s.rdf.xls2rdf.Xls2RdfConverter - Adding value on header object "0.1.2" with lang en
22:13:12.736  2278 DEBUG f.s.rdf.xls2rdf.Xls2RdfConverter - Converting data with these column headers: 
22:13:12.736  2278 DEBUG f.s.rdf.xls2rdf.Xls2RdfConverter - ColumnHeader [originalValue=Identifier, language=Optional.empty, datatype=Optional.empty, property=null, declaredProperty=Identifier, inverse=false, parameters={}, id=null, reconcileOn=null, headerCell=Identifier]
22:13:12.736  2278 DEBUG f.s.rdf.xls2rdf.Xls2RdfConverter - ColumnHeader [originalValue=skos:prefLabel, language=Optional.empty, datatype=Optional.empty, property=http://www.w3.org/2004/02/skos/core#prefLabel, declaredProperty=skos:prefLabel, inverse=false, parameters={}, id=null, reconcileOn=null, headerCell=skos:prefLabel]
22:13:12.744  2286 DEBUG f.s.rdf.xls2rdf.Xls2RdfConverter - ColumnHeader [originalValue=skos:definition@en, language=Optional[en], datatype=Optional.empty, property=http://www.w3.org/2004/02/skos/core#definition, declaredProperty=skos:definition, inverse=false, parameters={}, id=null, reconcileOn=null, headerCell=skos:definition@en]
22:13:12.744  2286 DEBUG f.s.rdf.xls2rdf.Xls2RdfConverter - ColumnHeader [originalValue=skos:altLabel(separator=","), language=Optional.empty, datatype=Optional.empty, property=http://www.w3.org/2004/02/skos/core#altLabel, declaredProperty=skos:altLabel, inverse=false, parameters={separator=,}, id=null, reconcileOn=null, headerCell=skos:altLabel(separator=",")]
22:13:12.744  2286 DEBUG f.s.rdf.xls2rdf.Xls2RdfConverter - ColumnHeader [originalValue=skos:broader(separator=","), language=Optional.empty, datatype=Optional.empty, property=http://www.w3.org/2004/02/skos/core#broader, declaredProperty=skos:broader, inverse=false, parameters={separator=,}, id=null, reconcileOn=null, headerCell=skos:broader(separator=",")]
22:13:12.744  2286 DEBUG f.s.rdf.xls2rdf.Xls2RdfConverter - ColumnHeader [originalValue=skos:exactMatch(separator=","), language=Optional.empty, datatype=Optional.empty, property=http://www.w3.org/2004/02/skos/core#exactMatch, declaredProperty=skos:exactMatch, inverse=false, parameters={separator=,}, id=null, reconcileOn=null, headerCell=skos:exactMatch(separator=",")]
22:13:12.744  2286 DEBUG f.s.rdf.xls2rdf.Xls2RdfConverter - ColumnHeader [originalValue=skos:closeMatch(separator=","), language=Optional.empty, datatype=Optional.empty, property=http://www.w3.org/2004/02/skos/core#closeMatch, declaredProperty=skos:closeMatch, inverse=false, parameters={separator=,}, id=null, reconcileOn=null, headerCell=skos:closeMatch(separator=",")]
22:13:12.744  2286 DEBUG f.s.rdf.xls2rdf.Xls2RdfConverter - ColumnHeader [originalValue=skos:related(separator=","), language=Optional.empty, datatype=Optional.empty, property=http://www.w3.org/2004/02/skos/core#related, declaredProperty=skos:related, inverse=false, parameters={separator=,}, id=null, reconcileOn=null, headerCell=skos:related(separator=",")]
22:13:12.744  2286 DEBUG f.s.rdf.xls2rdf.Xls2RdfConverter - ColumnHeader [originalValue=dct:creator(separator=","), language=Optional.empty, datatype=Optional.empty, property=http://purl.org/dc/terms/creator, declaredProperty=dct:creator, inverse=false, parameters={separator=,}, id=null, reconcileOn=null, headerCell=dct:creator(separator=",")]
22:13:12.745  2287 DEBUG f.s.rdf.xls2rdf.Xls2RdfConverter - ColumnHeader [originalValue=dct:contributor(separator=","), language=Optional.empty, datatype=Optional.empty, property=http://purl.org/dc/terms/contributor, declaredProperty=dct:contributor, inverse=false, parameters={separator=,}, id=null, reconcileOn=null, headerCell=dct:contributor(separator=",")]
22:13:12.745  2287 DEBUG f.s.rdf.xls2rdf.Xls2RdfConverter - ColumnHeader [originalValue=dct:bibliographicCitation(separator=","), language=Optional.empty, datatype=Optional.empty, property=http://purl.org/dc/terms/bibliographicCitation, declaredProperty=dct:bibliographicCitation, inverse=false, parameters={separator=,}, id=null, reconcileOn=null, headerCell=dct:bibliographicCitation(separator=",")]
22:13:12.745  2287 DEBUG f.s.rdf.xls2rdf.Xls2RdfConverter - ColumnHeader [originalValue=dct:references(separator=","), language=Optional.empty, datatype=Optional.empty, property=http://purl.org/dc/terms/references, declaredProperty=dct:references, inverse=false, parameters={separator=,}, id=null, reconcileOn=null, headerCell=dct:references(separator=",")]
22:13:12.745  2287 DEBUG f.s.rdf.xls2rdf.Xls2RdfConverter - ColumnHeader [originalValue=skos:editorialNote@en, language=Optional[en], datatype=Optional.empty, property=http://www.w3.org/2004/02/skos/core#editorialNote, declaredProperty=skos:editorialNote, inverse=false, parameters={}, id=null, reconcileOn=null, headerCell=skos:editorialNote@en]
22:13:12.745  2287 DEBUG f.s.rdf.xls2rdf.Xls2RdfConverter - ColumnHeader [originalValue=skos:note@en, language=Optional[en], datatype=Optional.empty, property=http://www.w3.org/2004/02/skos/core#note, declaredProperty=skos:note, inverse=false, parameters={}, id=null, reconcileOn=null, headerCell=skos:note@en]
22:13:12.745  2287 INFO  f.s.rdf.xls2rdf.Xls2RdfConverter - Converting rows...
22:13:12.776  2318 INFO  f.s.rdf.xls2rdf.Xls2RdfConverter - Applying SKOS post-processings on the result
22:13:12.776  2318 DEBUG f.s.rdf.xls2rdf.SkosPostProcessor - Postprocessing : SkosPostProcessor
22:13:12.777  2319 DEBUG f.s.rdf.xls2rdf.SkosPostProcessor - Considering main resource like a ConceptScheme.
22:13:12.780  2322 DEBUG f.s.rdf.xls2rdf.SkosPostProcessor - Adding inverse skos:broader and skos:narrower
22:13:12.782  2324 DEBUG f.s.rdf.xls2rdf.SkosPostProcessor - Adding skos:inScheme
22:13:12.784  2326 DEBUG f.s.rdf.xls2rdf.SkosPostProcessor - Setting rdf:type skos:ConceptScheme to main resource
22:13:12.784  2326 DEBUG f.s.rdf.xls2rdf.SkosPostProcessor - Adding skos:hasTopConcept / skos:topConceptOf
22:13:12.786  2328 DEBUG f.s.rdf.xls2rdf.Xls2RdfConverter - Saving graph of 247 statements generated from Sheet Sheet1
